2019/12/15 16:02:14 Listening:
[negroni] listening on :3000
signal: interrupt
2019/12/15 16:03:07 Listening:
[negroni] listening on :3000
signal: interrupt
2019/12/15 16:04:22 Listening:
[negroni] listening on :3000
[negroni] 2019-12-15T16:04:49Z | 200 | 	 165.952µs | 13.231.232.235:3000 | GET /
[negroni] 2019-12-15T16:04:49Z | 200 | 	 85.59µs | 13.231.232.235:3000 | GET /src/css/owl.carousel.min.css
[negroni] 2019-12-15T16:04:49Z | 200 | 	 172.674µs | 13.231.232.235:3000 | GET /src/css/themify-icons.css
[negroni] 2019-12-15T16:04:49Z | 200 | 	 29.86086ms | 13.231.232.235:3000 | GET /src/css/bootstrap.min.css
[negroni] 2019-12-15T16:04:49Z | 200 | 	 91.931µs | 13.231.232.235:3000 | GET /src/css/liner_icon.css
[negroni] 2019-12-15T16:04:49Z | 200 | 	 73.992µs | 13.231.232.235:3000 | GET /src/css/search.css
[negroni] 2019-12-15T16:04:49Z | 200 | 	 27.514422ms | 13.231.232.235:3000 | GET /src/css/animate.css
[negroni] 2019-12-15T16:04:49Z | 200 | 	 276.499µs | 13.231.232.235:3000 | GET /src/images/image001.png
[negroni] 2019-12-15T16:04:49Z | 200 | 	 83.010471ms | 13.231.232.235:3000 | GET /src/css/style.css
[negroni] 2019-12-15T16:04:50Z | 404 | 	 59.942µs | 13.231.232.235:3000 | GET /src/img/favicon.png
[negroni] 2019-12-15T16:04:58Z | 200 | 	 219.344µs | 13.231.232.235:3000 | GET /
[negroni] 2019-12-15T16:04:58Z | 200 | 	 203.443µs | 13.231.232.235:3000 | GET /
[negroni] 2019-12-15T16:04:59Z | 200 | 	 228.231µs | 13.231.232.235:3000 | GET /add
2019/12/15 16:05:00 Here
2019/12/15 16:05:02 [{ObjectIdHex("5df656112d85761c6180fec1") GOD OF WAR PS4 FIGHTING 01-JUL-2018 4 Sony Interactive Entertainment ./src/images/GOD OF WAR.jpeg}]
[negroni] PANIC: runtime error: invalid memory address or nil pointer dereference
goroutine 15 [running]:
github.com/urfave/negroni.(*Recovery).ServeHTTP.func1(0x7f4525cc5ff8, 0xc000151148, 0xc0000b0370, 0xc0001e4400)
	/home/ubuntu/Projects/Proj1/pkg/mod/github.com/urfave/negroni@v1.0.0/recovery.go:159 +0xcb
panic(0x85e160, 0xc5a950)
	/usr/local/go/src/runtime/panic.go:679 +0x1b2
html/template.(*Template).escape(0x0, 0x0, 0x0)
	/usr/local/go/src/html/template/template.go:95 +0x42
html/template.(*Template).Execute(0x0, 0x7f4525cc6028, 0xc000151148, 0x874ea0, 0xc0001e79b0, 0x97f180, 0xc0001e7980)
	/usr/local/go/src/html/template/template.go:119 +0x2f
github.com/blacktrident/go-mvc/controller.ShowAllController(0x7f4525cc5ff8, 0xc000151148, 0xc0001e4400)
	/home/ubuntu/go-mvc/controller/controllers.go:95 +0x245
net/http.HandlerFunc.ServeHTTP(0x8ffe68, 0x7f4525cc5ff8, 0xc000151148, 0xc0001e4400)
	/usr/local/go/src/net/http/server.go:2007 +0x44
github.com/gorilla/pat.(*Router).ServeHTTP(0xc0000e0000, 0x7f4525cc5ff8, 0xc000151148, 0xc0001e4400)
	/home/ubuntu/Projects/Proj1/pkg/mod/github.com/gorilla/pat@v1.0.1/pat.go:92 +0x27d
github.com/urfave/negroni.Wrap.func1(0x7f4525cc5ff8, 0xc000151148, 0xc0001e4400, 0xc0001757a0)
	/home/ubuntu/Projects/Proj1/pkg/mod/github.com/urfave/negroni@v1.0.0/negroni.go:46 +0x4d
github.com/urfave/negroni.HandlerFunc.ServeHTTP(0xc00000e740, 0x7f4525cc5ff8, 0xc000151148, 0xc0001e4400, 0xc0001757a0)
	/home/ubuntu/Projects/Proj1/pkg/mod/github.com/urfave/negroni@v1.0.0/negroni.go:29 +0x4e
github.com/urfave/negroni.middleware.ServeHTTP(0x97f7e0, 0xc00000e740, 0xc00000e7c0, 0x7f4525cc5ff8, 0xc000151148, 0xc0001e4400)
	/home/ubuntu/Projects/Proj1/pkg/mod/github.com/urfave/negroni@v1.0.0/negroni.go:38 +0x9c
github.com/urfave/negroni.(*Static).ServeHTTP(0xc0000e4180, 0x7f4525cc5ff8, 0xc000151148, 0xc0001e4400, 0xc000175780)
	/home/ubuntu/Projects/Proj1/pkg/mod/github.com/urfave/negroni@v1.0.0/static.go:53 +0x6a5
github.com/urfave/negroni.middleware.ServeHTTP(0x97ea20, 0xc0000e4180, 0xc00000e7a0, 0x7f4525cc5ff8, 0xc000151148, 0xc0001e4400)
	/home/ubuntu/Projects/Proj1/pkg/mod/github.com/urfave/negroni@v1.0.0/negroni.go:38 +0x9c
github.com/urfave/negroni.(*Logger).ServeHTTP(0xc000081bf0, 0x7f4525cc5ff8, 0xc000151148, 0xc0001e4400, 0xc000175760)
	/home/ubuntu/Projects/Proj1/pkg/mod/github.com/urfave/negroni@v1.0.0/logger.go:62 +0x8e
github.com/urfave/negroni.middleware.ServeHTTP(0x97e9c0, 0xc000081bf0, 0xc00000e780, 0x7f4525cc5ff8, 0xc000151148, 0xc0001e4400)
	/home/ubuntu/Projects/Proj1/pkg/mod/github.com/urfave/negroni@v1.0.0/negroni.go:38 +0x9c
github.com/urfave/negroni.(*Recovery).ServeHTTP(0xc0000b0370, 0x7f4525cc5ff8, 0xc000151148, 0xc0001e4400, 0xc000175740)
	/home/ubuntu/Projects/Proj1/pkg/mod/github.com/urfave/negroni@v1.0.0/recovery.go:193 +0xae
github.com/urfave/negroni.middleware.ServeHTTP(0x97ea00, 0xc0000b0370, 0xc00000e760, 0x7f4525cc5ff8, 0xc000151148, 0xc0001e4400)
	/home/ubuntu/Projects/Proj1/pkg/mod/github.com/urfave/negroni@v1.0.0/negroni.go:38 +0x9c
github.com/urfave/negroni.(*Negroni).ServeHTTP(0xc0000e41e0, 0x9863a0, 0xc0000e6fc0, 0xc0001e4400)
	/home/ubuntu/Projects/Proj1/pkg/mod/github.com/urfave/negroni@v1.0.0/negroni.go:96 +0xeb
net/http.serverHandler.ServeHTTP(0xc0000e6000, 0x9863a0, 0xc0000e6fc0, 0xc0001e4400)
	/usr/local/go/src/net/http/server.go:2802 +0xa4
net/http.(*conn).serve(0xc000116320, 0x986f20, 0xc000063880)
	/usr/local/go/src/net/http/server.go:1890 +0x875
created by net/http.(*Server).Serve
	/usr/local/go/src/net/http/server.go:2927 +0x38e
[negroni] 2019-12-15T16:05:02Z | 200 | 	 207.19µs | 13.231.232.235:3000 | GET /favicon.ico
[negroni] 2019-12-15T16:05:06Z | 200 | 	 188.309µs | 13.231.232.235:3000 | GET /
[negroni] 2019-12-15T16:05:07Z | 200 | 	 215.301µs | 13.231.232.235:3000 | GET /add
[negroni] PANIC: runtime error: invalid memory address or nil pointer dereference
goroutine 15 [running]:
github.com/urfave/negroni.(*Recovery).ServeHTTP.func1(0x7f4525cc5ff8, 0xc0001512b8, 0xc0000b0370, 0xc0001e4e00)
	/home/ubuntu/Projects/Proj1/pkg/mod/github.com/urfave/negroni@v1.0.0/recovery.go:159 +0xcb
panic(0x85e160, 0xc5a950)
	/usr/local/go/src/runtime/panic.go:679 +0x1b2
html/template.(*Template).escape(0x0, 0x0, 0x0)
	/usr/local/go/src/html/template/template.go:95 +0x42
html/template.(*Template).Execute(0x0, 0x7f4525cc6028, 0xc0001512b8, 0x8665c0, 0xc00017dcd0, 0x97f180, 0xc000254de0)
	/usr/local/go/src/html/template/template.go:119 +0x2f
github.com/blacktrident/go-mvc/controller.ShowController(0x7f4525cc5ff8, 0xc0001512b8, 0xc0001e4e00)
	/home/ubuntu/go-mvc/controller/controllers.go:79 +0x125
net/http.HandlerFunc.ServeHTTP(0x8ffe70, 0x7f4525cc5ff8, 0xc0001512b8, 0xc0001e4e00)
	/usr/local/go/src/net/http/server.go:2007 +0x44
github.com/gorilla/pat.(*Router).ServeHTTP(0xc0000e0000, 0x7f4525cc5ff8, 0xc0001512b8, 0xc0001e4e00)
	/home/ubuntu/Projects/Proj1/pkg/mod/github.com/gorilla/pat@v1.0.1/pat.go:92 +0x27d
github.com/urfave/negroni.Wrap.func1(0x7f4525cc5ff8, 0xc0001512b8, 0xc0001e4e00, 0xc000234c80)
	/home/ubuntu/Projects/Proj1/pkg/mod/github.com/urfave/negroni@v1.0.0/negroni.go:46 +0x4d
github.com/urfave/negroni.HandlerFunc.ServeHTTP(0xc00000e740, 0x7f4525cc5ff8, 0xc0001512b8, 0xc0001e4e00, 0xc000234c80)
	/home/ubuntu/Projects/Proj1/pkg/mod/github.com/urfave/negroni@v1.0.0/negroni.go:29 +0x4e
github.com/urfave/negroni.middleware.ServeHTTP(0x97f7e0, 0xc00000e740, 0xc00000e7c0, 0x7f4525cc5ff8, 0xc0001512b8, 0xc0001e4e00)
	/home/ubuntu/Projects/Proj1/pkg/mod/github.com/urfave/negroni@v1.0.0/negroni.go:38 +0x9c
github.com/urfave/negroni.(*Static).ServeHTTP(0xc0000e4180, 0x7f4525cc5ff8, 0xc0001512b8, 0xc0001e4e00, 0xc000234c60)
	/home/ubuntu/Projects/Proj1/pkg/mod/github.com/urfave/negroni@v1.0.0/static.go:53 +0x6a5
github.com/urfave/negroni.middleware.ServeHTTP(0x97ea20, 0xc0000e4180, 0xc00000e7a0, 0x7f4525cc5ff8, 0xc0001512b8, 0xc0001e4e00)
	/home/ubuntu/Projects/Proj1/pkg/mod/github.com/urfave/negroni@v1.0.0/negroni.go:38 +0x9c
github.com/urfave/negroni.(*Logger).ServeHTTP(0xc000081bf0, 0x7f4525cc5ff8, 0xc0001512b8, 0xc0001e4e00, 0xc000234c40)
	/home/ubuntu/Projects/Proj1/pkg/mod/github.com/urfave/negroni@v1.0.0/logger.go:62 +0x8e
github.com/urfave/negroni.middleware.ServeHTTP(0x97e9c0, 0xc000081bf0, 0xc00000e780, 0x7f4525cc5ff8, 0xc0001512b8, 0xc0001e4e00)
	/home/ubuntu/Projects/Proj1/pkg/mod/github.com/urfave/negroni@v1.0.0/negroni.go:38 +0x9c
github.com/urfave/negroni.(*Recovery).ServeHTTP(0xc0000b0370, 0x7f4525cc5ff8, 0xc0001512b8, 0xc0001e4e00, 0xc000234c20)
	/home/ubuntu/Projects/Proj1/pkg/mod/github.com/urfave/negroni@v1.0.0/recovery.go:193 +0xae
github.com/urfave/negroni.middleware.ServeHTTP(0x97ea00, 0xc0000b0370, 0xc00000e760, 0x7f4525cc5ff8, 0xc0001512b8, 0xc0001e4e00)
	/home/ubuntu/Projects/Proj1/pkg/mod/github.com/urfave/negroni@v1.0.0/negroni.go:38 +0x9c
github.com/urfave/negroni.(*Negroni).ServeHTTP(0xc0000e41e0, 0x9863a0, 0xc0002561c0, 0xc0001e4e00)
	/home/ubuntu/Projects/Proj1/pkg/mod/github.com/urfave/negroni@v1.0.0/negroni.go:96 +0xeb
net/http.serverHandler.ServeHTTP(0xc0000e6000, 0x9863a0, 0xc0002561c0, 0xc0001e4e00)
	/usr/local/go/src/net/http/server.go:2802 +0xa4
net/http.(*conn).serve(0xc000116320, 0x986f20, 0xc000063880)
	/usr/local/go/src/net/http/server.go:1890 +0x875
created by net/http.(*Server).Serve
	/usr/local/go/src/net/http/server.go:2927 +0x38e
[negroni] 2019-12-15T16:05:08Z | 200 | 	 199.288µs | 13.231.232.235:3000 | GET /favicon.ico
[negroni] 2019-12-15T16:05:28Z | 200 | 	 221.868µs | 13.231.232.235:3000 | GET /add
[negroni] 2019-12-15T16:05:36Z | 200 | 	 219.35µs | 13.231.232.235:3000 | GET /add
[negroni] 2019-12-15T16:05:37Z | 200 | 	 189.109µs | 13.231.232.235:3000 | GET /
[negroni] 2019-12-15T16:05:38Z | 200 | 	 206.813µs | 13.231.232.235:3000 | GET /
[negroni] 2019-12-15T16:05:39Z | 200 | 	 226.292µs | 13.231.232.235:3000 | GET /add
2019/12/15 16:05:40 Here
[negroni] PANIC: runtime error: invalid memory address or nil pointer dereference
goroutine 11 [running]:
github.com/urfave/negroni.(*Recovery).ServeHTTP.func1(0x7f4525cc5ff8, 0xc000151468, 0xc0000b0370, 0xc0000d3900)
	/home/ubuntu/Projects/Proj1/pkg/mod/github.com/urfave/negroni@v1.0.0/recovery.go:159 +0xcb
panic(0x85e160, 0xc5a950)
	/usr/local/go/src/runtime/panic.go:679 +0x1b2
html/template.(*Template).escape(0x0, 0x0, 0x0)
	/usr/local/go/src/html/template/template.go:95 +0x42
html/template.(*Template).Execute(0x0, 0x7f4525cc6028, 0xc000151468, 0x8665c0, 0xc00026f010, 0x97f180, 0xc00028e510)
	/usr/local/go/src/html/template/template.go:119 +0x2f
github.com/blacktrident/go-mvc/controller.ShowController(0x7f4525cc5ff8, 0xc000151468, 0xc0000d3900)
	/home/ubuntu/go-mvc/controller/controllers.go:79 +0x125
net/http.HandlerFunc.ServeHTTP(0x8ffe70, 0x7f4525cc5ff8, 0xc000151468, 0xc0000d3900)
	/usr/local/go/src/net/http/server.go:2007 +0x44
github.com/gorilla/pat.(*Router).ServeHTTP(0xc0000e0000, 0x7f4525cc5ff8, 0xc000151468, 0xc0000d3900)
	/home/ubuntu/Projects/Proj1/pkg/mod/github.com/gorilla/pat@v1.0.1/pat.go:92 +0x27d
github.com/urfave/negroni.Wrap.func1(0x7f4525cc5ff8, 0xc000151468, 0xc0000d3900, 0xc000296060)
	/home/ubuntu/Projects/Proj1/pkg/mod/github.com/urfave/negroni@v1.0.0/negroni.go:46 +0x4d
github.com/urfave/negroni.HandlerFunc.ServeHTTP(0xc00000e740, 0x7f4525cc5ff8, 0xc000151468, 0xc0000d3900, 0xc000296060)
	/home/ubuntu/Projects/Proj1/pkg/mod/github.com/urfave/negroni@v1.0.0/negroni.go:29 +0x4e
github.com/urfave/negroni.middleware.ServeHTTP(0x97f7e0, 0xc00000e740, 0xc00000e7c0, 0x7f4525cc5ff8, 0xc000151468, 0xc0000d3900)
	/home/ubuntu/Projects/Proj1/pkg/mod/github.com/urfave/negroni@v1.0.0/negroni.go:38 +0x9c
github.com/urfave/negroni.(*Static).ServeHTTP(0xc0000e4180, 0x7f4525cc5ff8, 0xc000151468, 0xc0000d3900, 0xc000296040)
	/home/ubuntu/Projects/Proj1/pkg/mod/github.com/urfave/negroni@v1.0.0/static.go:53 +0x6a5
github.com/urfave/negroni.middleware.ServeHTTP(0x97ea20, 0xc0000e4180, 0xc00000e7a0, 0x7f4525cc5ff8, 0xc000151468, 0xc0000d3900)
	/home/ubuntu/Projects/Proj1/pkg/mod/github.com/urfave/negroni@v1.0.0/negroni.go:38 +0x9c
github.com/urfave/negroni.(*Logger).ServeHTTP(0xc000081bf0, 0x7f4525cc5ff8, 0xc000151468, 0xc0000d3900, 0xc000296020)
	/home/ubuntu/Projects/Proj1/pkg/mod/github.com/urfave/negroni@v1.0.0/logger.go:62 +0x8e
github.com/urfave/negroni.middleware.ServeHTTP(0x97e9c0, 0xc000081bf0, 0xc00000e780, 0x7f4525cc5ff8, 0xc000151468, 0xc0000d3900)
	/home/ubuntu/Projects/Proj1/pkg/mod/github.com/urfave/negroni@v1.0.0/negroni.go:38 +0x9c
github.com/urfave/negroni.(*Recovery).ServeHTTP(0xc0000b0370, 0x7f4525cc5ff8, 0xc000151468, 0xc0000d3900, 0xc000296000)
	/home/ubuntu/Projects/Proj1/pkg/mod/github.com/urfave/negroni@v1.0.0/recovery.go:193 +0xae
github.com/urfave/negroni.middleware.ServeHTTP(0x97ea00, 0xc0000b0370, 0xc00000e760, 0x7f4525cc5ff8, 0xc000151468, 0xc0000d3900)
	/home/ubuntu/Projects/Proj1/pkg/mod/github.com/urfave/negroni@v1.0.0/negroni.go:38 +0x9c
github.com/urfave/negroni.(*Negroni).ServeHTTP(0xc0000e41e0, 0x9863a0, 0xc000257880, 0xc0000d3900)
	/home/ubuntu/Projects/Proj1/pkg/mod/github.com/urfave/negroni@v1.0.0/negroni.go:96 +0xeb
net/http.serverHandler.ServeHTTP(0xc0000e6000, 0x9863a0, 0xc000257880, 0xc0000d3900)
	/usr/local/go/src/net/http/server.go:2802 +0xa4
net/http.(*conn).serve(0xc000116000, 0x986f20, 0xc000062900)
	/usr/local/go/src/net/http/server.go:1890 +0x875
created by net/http.(*Server).Serve
	/usr/local/go/src/net/http/server.go:2927 +0x38e
[negroni] 2019-12-15T16:05:41Z | 200 | 	 215.271µs | 13.231.232.235:3000 | GET /favicon.ico
2019/12/15 16:05:41 []
[negroni] PANIC: runtime error: invalid memory address or nil pointer dereference
goroutine 15 [running]:
github.com/urfave/negroni.(*Recovery).ServeHTTP.func1(0x7f4525cc5ff8, 0xc0001513c0, 0xc0000b0370, 0xc0001e5b00)
	/home/ubuntu/Projects/Proj1/pkg/mod/github.com/urfave/negroni@v1.0.0/recovery.go:159 +0xcb
panic(0x85e160, 0xc5a950)
	/usr/local/go/src/runtime/panic.go:679 +0x1b2
html/template.(*Template).escape(0x0, 0x0, 0x0)
	/usr/local/go/src/html/template/template.go:95 +0x42
html/template.(*Template).Execute(0x0, 0x7f4525cc6028, 0xc0001513c0, 0x874ea0, 0xc00028ec60, 0x97f180, 0xc00028ec30)
	/usr/local/go/src/html/template/template.go:119 +0x2f
github.com/blacktrident/go-mvc/controller.ShowAllController(0x7f4525cc5ff8, 0xc0001513c0, 0xc0001e5b00)
	/home/ubuntu/go-mvc/controller/controllers.go:95 +0x245
net/http.HandlerFunc.ServeHTTP(0x8ffe68, 0x7f4525cc5ff8, 0xc0001513c0, 0xc0001e5b00)
	/usr/local/go/src/net/http/server.go:2007 +0x44
github.com/gorilla/pat.(*Router).ServeHTTP(0xc0000e0000, 0x7f4525cc5ff8, 0xc0001513c0, 0xc0001e5b00)
	/home/ubuntu/Projects/Proj1/pkg/mod/github.com/gorilla/pat@v1.0.1/pat.go:92 +0x27d
github.com/urfave/negroni.Wrap.func1(0x7f4525cc5ff8, 0xc0001513c0, 0xc0001e5b00, 0xc000235680)
	/home/ubuntu/Projects/Proj1/pkg/mod/github.com/urfave/negroni@v1.0.0/negroni.go:46 +0x4d
github.com/urfave/negroni.HandlerFunc.ServeHTTP(0xc00000e740, 0x7f4525cc5ff8, 0xc0001513c0, 0xc0001e5b00, 0xc000235680)
	/home/ubuntu/Projects/Proj1/pkg/mod/github.com/urfave/negroni@v1.0.0/negroni.go:29 +0x4e
github.com/urfave/negroni.middleware.ServeHTTP(0x97f7e0, 0xc00000e740, 0xc00000e7c0, 0x7f4525cc5ff8, 0xc0001513c0, 0xc0001e5b00)
	/home/ubuntu/Projects/Proj1/pkg/mod/github.com/urfave/negroni@v1.0.0/negroni.go:38 +0x9c
github.com/urfave/negroni.(*Static).ServeHTTP(0xc0000e4180, 0x7f4525cc5ff8, 0xc0001513c0, 0xc0001e5b00, 0xc000235660)
	/home/ubuntu/Projects/Proj1/pkg/mod/github.com/urfave/negroni@v1.0.0/static.go:53 +0x6a5
github.com/urfave/negroni.middleware.ServeHTTP(0x97ea20, 0xc0000e4180, 0xc00000e7a0, 0x7f4525cc5ff8, 0xc0001513c0, 0xc0001e5b00)
	/home/ubuntu/Projects/Proj1/pkg/mod/github.com/urfave/negroni@v1.0.0/negroni.go:38 +0x9c
github.com/urfave/negroni.(*Logger).ServeHTTP(0xc000081bf0, 0x7f4525cc5ff8, 0xc0001513c0, 0xc0001e5b00, 0xc000235640)
	/home/ubuntu/Projects/Proj1/pkg/mod/github.com/urfave/negroni@v1.0.0/logger.go:62 +0x8e
github.com/urfave/negroni.middleware.ServeHTTP(0x97e9c0, 0xc000081bf0, 0xc00000e780, 0x7f4525cc5ff8, 0xc0001513c0, 0xc0001e5b00)
	/home/ubuntu/Projects/Proj1/pkg/mod/github.com/urfave/negroni@v1.0.0/negroni.go:38 +0x9c
github.com/urfave/negroni.(*Recovery).ServeHTTP(0xc0000b0370, 0x7f4525cc5ff8, 0xc0001513c0, 0xc0001e5b00, 0xc000235620)
	/home/ubuntu/Projects/Proj1/pkg/mod/github.com/urfave/negroni@v1.0.0/recovery.go:193 +0xae
github.com/urfave/negroni.middleware.ServeHTTP(0x97ea00, 0xc0000b0370, 0xc00000e760, 0x7f4525cc5ff8, 0xc0001513c0, 0xc0001e5b00)
	/home/ubuntu/Projects/Proj1/pkg/mod/github.com/urfave/negroni@v1.0.0/negroni.go:38 +0x9c
github.com/urfave/negroni.(*Negroni).ServeHTTP(0xc0000e41e0, 0x9863a0, 0xc000256c40, 0xc0001e5b00)
	/home/ubuntu/Projects/Proj1/pkg/mod/github.com/urfave/negroni@v1.0.0/negroni.go:96 +0xeb
net/http.serverHandler.ServeHTTP(0xc0000e6000, 0x9863a0, 0xc000256c40, 0xc0001e5b00)
	/usr/local/go/src/net/http/server.go:2802 +0xa4
net/http.(*conn).serve(0xc000116320, 0x986f20, 0xc000063880)
	/usr/local/go/src/net/http/server.go:1890 +0x875
created by net/http.(*Server).Serve
	/usr/local/go/src/net/http/server.go:2927 +0x38e
[negroni] PANIC: runtime error: invalid memory address or nil pointer dereference
goroutine 11 [running]:
github.com/urfave/negroni.(*Recovery).ServeHTTP.func1(0x7f4525cc5ff8, 0xc000151488, 0xc0000b0370, 0xc00029e000)
	/home/ubuntu/Projects/Proj1/pkg/mod/github.com/urfave/negroni@v1.0.0/recovery.go:159 +0xcb
panic(0x85e160, 0xc5a950)
	/usr/local/go/src/runtime/panic.go:679 +0x1b2
html/template.(*Template).escape(0x0, 0x0, 0x0)
	/usr/local/go/src/html/template/template.go:95 +0x42
html/template.(*Template).Execute(0x0, 0x7f4525cc6028, 0xc000151488, 0x8665c0, 0xc00026f1e0, 0x97f180, 0xc00028ede0)
	/usr/local/go/src/html/template/template.go:119 +0x2f
github.com/blacktrident/go-mvc/controller.ShowController(0x7f4525cc5ff8, 0xc000151488, 0xc00029e000)
	/home/ubuntu/go-mvc/controller/controllers.go:79 +0x125
net/http.HandlerFunc.ServeHTTP(0x8ffe70, 0x7f4525cc5ff8, 0xc000151488, 0xc00029e000)
	/usr/local/go/src/net/http/server.go:2007 +0x44
github.com/gorilla/pat.(*Router).ServeHTTP(0xc0000e0000, 0x7f4525cc5ff8, 0xc000151488, 0xc00029e000)
	/home/ubuntu/Projects/Proj1/pkg/mod/github.com/gorilla/pat@v1.0.1/pat.go:92 +0x27d
github.com/urfave/negroni.Wrap.func1(0x7f4525cc5ff8, 0xc000151488, 0xc00029e000, 0xc000296360)
	/home/ubuntu/Projects/Proj1/pkg/mod/github.com/urfave/negroni@v1.0.0/negroni.go:46 +0x4d
github.com/urfave/negroni.HandlerFunc.ServeHTTP(0xc00000e740, 0x7f4525cc5ff8, 0xc000151488, 0xc00029e000, 0xc000296360)
	/home/ubuntu/Projects/Proj1/pkg/mod/github.com/urfave/negroni@v1.0.0/negroni.go:29 +0x4e
github.com/urfave/negroni.middleware.ServeHTTP(0x97f7e0, 0xc00000e740, 0xc00000e7c0, 0x7f4525cc5ff8, 0xc000151488, 0xc00029e000)
	/home/ubuntu/Projects/Proj1/pkg/mod/github.com/urfave/negroni@v1.0.0/negroni.go:38 +0x9c
github.com/urfave/negroni.(*Static).ServeHTTP(0xc0000e4180, 0x7f4525cc5ff8, 0xc000151488, 0xc00029e000, 0xc000296340)
	/home/ubuntu/Projects/Proj1/pkg/mod/github.com/urfave/negroni@v1.0.0/static.go:53 +0x6a5
github.com/urfave/negroni.middleware.ServeHTTP(0x97ea20, 0xc0000e4180, 0xc00000e7a0, 0x7f4525cc5ff8, 0xc000151488, 0xc00029e000)
	/home/ubuntu/Projects/Proj1/pkg/mod/github.com/urfave/negroni@v1.0.0/negroni.go:38 +0x9c
github.com/urfave/negroni.(*Logger).ServeHTTP(0xc000081bf0, 0x7f4525cc5ff8, 0xc000151488, 0xc00029e000, 0xc000296320)
	/home/ubuntu/Projects/Proj1/pkg/mod/github.com/urfave/negroni@v1.0.0/logger.go:62 +0x8e
github.com/urfave/negroni.middleware.ServeHTTP(0x97e9c0, 0xc000081bf0, 0xc00000e780, 0x7f4525cc5ff8, 0xc000151488, 0xc00029e000)
	/home/ubuntu/Projects/Proj1/pkg/mod/github.com/urfave/negroni@v1.0.0/negroni.go:38 +0x9c
github.com/urfave/negroni.(*Recovery).ServeHTTP(0xc0000b0370, 0x7f4525cc5ff8, 0xc000151488, 0xc00029e000, 0xc000296300)
	/home/ubuntu/Projects/Proj1/pkg/mod/github.com/urfave/negroni@v1.0.0/recovery.go:193 +0xae
github.com/urfave/negroni.middleware.ServeHTTP(0x97ea00, 0xc0000b0370, 0xc00000e760, 0x7f4525cc5ff8, 0xc000151488, 0xc00029e000)
	/home/ubuntu/Projects/Proj1/pkg/mod/github.com/urfave/negroni@v1.0.0/negroni.go:38 +0x9c
github.com/urfave/negroni.(*Negroni).ServeHTTP(0xc0000e41e0, 0x9863a0, 0xc000257b20, 0xc00029e000)
	/home/ubuntu/Projects/Proj1/pkg/mod/github.com/urfave/negroni@v1.0.0/negroni.go:96 +0xeb
net/http.serverHandler.ServeHTTP(0xc0000e6000, 0x9863a0, 0xc000257b20, 0xc00029e000)
	/usr/local/go/src/net/http/server.go:2802 +0xa4
net/http.(*conn).serve(0xc000116000, 0x986f20, 0xc000062900)
	/usr/local/go/src/net/http/server.go:1890 +0x875
created by net/http.(*Server).Serve
	/usr/local/go/src/net/http/server.go:2927 +0x38e
[negroni] 2019-12-15T16:05:43Z | 200 | 	 211.111µs | 13.231.232.235:3000 | GET /favicon.ico
[negroni] PANIC: runtime error: invalid memory address or nil pointer dereference
goroutine 11 [running]:
github.com/urfave/negroni.(*Recovery).ServeHTTP.func1(0x7f4525cc5ff8, 0xc000151508, 0xc0000b0370, 0xc00029e400)
	/home/ubuntu/Projects/Proj1/pkg/mod/github.com/urfave/negroni@v1.0.0/recovery.go:159 +0xcb
panic(0x85e160, 0xc5a950)
	/usr/local/go/src/runtime/panic.go:679 +0x1b2
html/template.(*Template).escape(0x0, 0x0, 0x0)
	/usr/local/go/src/html/template/template.go:95 +0x42
html/template.(*Template).Execute(0x0, 0x7f4525cc6028, 0xc000151508, 0x8665c0, 0xc00026f930, 0x97f180, 0xc00028fc50)
	/usr/local/go/src/html/template/template.go:119 +0x2f
github.com/blacktrident/go-mvc/controller.ShowController(0x7f4525cc5ff8, 0xc000151508, 0xc00029e400)
	/home/ubuntu/go-mvc/controller/controllers.go:79 +0x125
net/http.HandlerFunc.ServeHTTP(0x8ffe70, 0x7f4525cc5ff8, 0xc000151508, 0xc00029e400)
	/usr/local/go/src/net/http/server.go:2007 +0x44
github.com/gorilla/pat.(*Router).ServeHTTP(0xc0000e0000, 0x7f4525cc5ff8, 0xc000151508, 0xc00029e400)
	/home/ubuntu/Projects/Proj1/pkg/mod/github.com/gorilla/pat@v1.0.1/pat.go:92 +0x27d
github.com/urfave/negroni.Wrap.func1(0x7f4525cc5ff8, 0xc000151508, 0xc00029e400, 0xc0002969e0)
	/home/ubuntu/Projects/Proj1/pkg/mod/github.com/urfave/negroni@v1.0.0/negroni.go:46 +0x4d
github.com/urfave/negroni.HandlerFunc.ServeHTTP(0xc00000e740, 0x7f4525cc5ff8, 0xc000151508, 0xc00029e400, 0xc0002969e0)
	/home/ubuntu/Projects/Proj1/pkg/mod/github.com/urfave/negroni@v1.0.0/negroni.go:29 +0x4e
github.com/urfave/negroni.middleware.ServeHTTP(0x97f7e0, 0xc00000e740, 0xc00000e7c0, 0x7f4525cc5ff8, 0xc000151508, 0xc00029e400)
	/home/ubuntu/Projects/Proj1/pkg/mod/github.com/urfave/negroni@v1.0.0/negroni.go:38 +0x9c
github.com/urfave/negroni.(*Static).ServeHTTP(0xc0000e4180, 0x7f4525cc5ff8, 0xc000151508, 0xc00029e400, 0xc0002969c0)
	/home/ubuntu/Projects/Proj1/pkg/mod/github.com/urfave/negroni@v1.0.0/static.go:53 +0x6a5
github.com/urfave/negroni.middleware.ServeHTTP(0x97ea20, 0xc0000e4180, 0xc00000e7a0, 0x7f4525cc5ff8, 0xc000151508, 0xc00029e400)
	/home/ubuntu/Projects/Proj1/pkg/mod/github.com/urfave/negroni@v1.0.0/negroni.go:38 +0x9c
github.com/urfave/negroni.(*Logger).ServeHTTP(0xc000081bf0, 0x7f4525cc5ff8, 0xc000151508, 0xc00029e400, 0xc0002969a0)
	/home/ubuntu/Projects/Proj1/pkg/mod/github.com/urfave/negroni@v1.0.0/logger.go:62 +0x8e
github.com/urfave/negroni.middleware.ServeHTTP(0x97e9c0, 0xc000081bf0, 0xc00000e780, 0x7f4525cc5ff8, 0xc000151508, 0xc00029e400)
	/home/ubuntu/Projects/Proj1/pkg/mod/github.com/urfave/negroni@v1.0.0/negroni.go:38 +0x9c
github.com/urfave/negroni.(*Recovery).ServeHTTP(0xc0000b0370, 0x7f4525cc5ff8, 0xc000151508, 0xc00029e400, 0xc000296980)
	/home/ubuntu/Projects/Proj1/pkg/mod/github.com/urfave/negroni@v1.0.0/recovery.go:193 +0xae
github.com/urfave/negroni.middleware.ServeHTTP(0x97ea00, 0xc0000b0370, 0xc00000e760, 0x7f4525cc5ff8, 0xc000151508, 0xc00029e400)
	/home/ubuntu/Projects/Proj1/pkg/mod/github.com/urfave/negroni@v1.0.0/negroni.go:38 +0x9c
github.com/urfave/negroni.(*Negroni).ServeHTTP(0xc0000e41e0, 0x9863a0, 0xc00023e2a0, 0xc00029e400)
	/home/ubuntu/Projects/Proj1/pkg/mod/github.com/urfave/negroni@v1.0.0/negroni.go:96 +0xeb
net/http.serverHandler.ServeHTTP(0xc0000e6000, 0x9863a0, 0xc00023e2a0, 0xc00029e400)
	/usr/local/go/src/net/http/server.go:2802 +0xa4
net/http.(*conn).serve(0xc000116000, 0x986f20, 0xc000062900)
	/usr/local/go/src/net/http/server.go:1890 +0x875
created by net/http.(*Server).Serve
	/usr/local/go/src/net/http/server.go:2927 +0x38e
[negroni] 2019-12-15T16:06:05Z | 200 | 	 184.867µs | 13.231.232.235:3000 | GET /favicon.ico
2019/12/15 16:06:09 Here
[negroni] 2019-12-15T16:06:10Z | 200 | 	 220.796µs | 13.231.232.235:3000 | GET /add
2019/12/15 16:06:11 []
[negroni] PANIC: runtime error: invalid memory address or nil pointer dereference
goroutine 11 [running]:
github.com/urfave/negroni.(*Recovery).ServeHTTP.func1(0x7f4525cc5ff8, 0xc000151528, 0xc0000b0370, 0xc00029e700)
	/home/ubuntu/Projects/Proj1/pkg/mod/github.com/urfave/negroni@v1.0.0/recovery.go:159 +0xcb
panic(0x85e160, 0xc5a950)
	/usr/local/go/src/runtime/panic.go:679 +0x1b2
html/template.(*Template).escape(0x0, 0x0, 0x0)
	/usr/local/go/src/html/template/template.go:95 +0x42
html/template.(*Template).Execute(0x0, 0x7f4525cc6028, 0xc000151528, 0x874ea0, 0xc0002b33b0, 0x97f180, 0xc0002b3380)
	/usr/local/go/src/html/template/template.go:119 +0x2f
github.com/blacktrident/go-mvc/controller.ShowAllController(0x7f4525cc5ff8, 0xc000151528, 0xc00029e700)
	/home/ubuntu/go-mvc/controller/controllers.go:95 +0x245
net/http.HandlerFunc.ServeHTTP(0x8ffe68, 0x7f4525cc5ff8, 0xc000151528, 0xc00029e700)
	/usr/local/go/src/net/http/server.go:2007 +0x44
github.com/gorilla/pat.(*Router).ServeHTTP(0xc0000e0000, 0x7f4525cc5ff8, 0xc000151528, 0xc00029e700)
	/home/ubuntu/Projects/Proj1/pkg/mod/github.com/gorilla/pat@v1.0.1/pat.go:92 +0x27d
github.com/urfave/negroni.Wrap.func1(0x7f4525cc5ff8, 0xc000151528, 0xc00029e700, 0xc000296b80)
	/home/ubuntu/Projects/Proj1/pkg/mod/github.com/urfave/negroni@v1.0.0/negroni.go:46 +0x4d
github.com/urfave/negroni.HandlerFunc.ServeHTTP(0xc00000e740, 0x7f4525cc5ff8, 0xc000151528, 0xc00029e700, 0xc000296b80)
	/home/ubuntu/Projects/Proj1/pkg/mod/github.com/urfave/negroni@v1.0.0/negroni.go:29 +0x4e
github.com/urfave/negroni.middleware.ServeHTTP(0x97f7e0, 0xc00000e740, 0xc00000e7c0, 0x7f4525cc5ff8, 0xc000151528, 0xc00029e700)
	/home/ubuntu/Projects/Proj1/pkg/mod/github.com/urfave/negroni@v1.0.0/negroni.go:38 +0x9c
github.com/urfave/negroni.(*Static).ServeHTTP(0xc0000e4180, 0x7f4525cc5ff8, 0xc000151528, 0xc00029e700, 0xc000296b60)
	/home/ubuntu/Projects/Proj1/pkg/mod/github.com/urfave/negroni@v1.0.0/static.go:53 +0x6a5
github.com/urfave/negroni.middleware.ServeHTTP(0x97ea20, 0xc0000e4180, 0xc00000e7a0, 0x7f4525cc5ff8, 0xc000151528, 0xc00029e700)
	/home/ubuntu/Projects/Proj1/pkg/mod/github.com/urfave/negroni@v1.0.0/negroni.go:38 +0x9c
github.com/urfave/negroni.(*Logger).ServeHTTP(0xc000081bf0, 0x7f4525cc5ff8, 0xc000151528, 0xc00029e700, 0xc000296b40)
	/home/ubuntu/Projects/Proj1/pkg/mod/github.com/urfave/negroni@v1.0.0/logger.go:62 +0x8e
github.com/urfave/negroni.middleware.ServeHTTP(0x97e9c0, 0xc000081bf0, 0xc00000e780, 0x7f4525cc5ff8, 0xc000151528, 0xc00029e700)
	/home/ubuntu/Projects/Proj1/pkg/mod/github.com/urfave/negroni@v1.0.0/negroni.go:38 +0x9c
github.com/urfave/negroni.(*Recovery).ServeHTTP(0xc0000b0370, 0x7f4525cc5ff8, 0xc000151528, 0xc00029e700, 0xc000296b20)
	/home/ubuntu/Projects/Proj1/pkg/mod/github.com/urfave/negroni@v1.0.0/recovery.go:193 +0xae
github.com/urfave/negroni.middleware.ServeHTTP(0x97ea00, 0xc0000b0370, 0xc00000e760, 0x7f4525cc5ff8, 0xc000151528, 0xc00029e700)
	/home/ubuntu/Projects/Proj1/pkg/mod/github.com/urfave/negroni@v1.0.0/negroni.go:38 +0x9c
github.com/urfave/negroni.(*Negroni).ServeHTTP(0xc0000e41e0, 0x9863a0, 0xc00023e460, 0xc00029e700)
	/home/ubuntu/Projects/Proj1/pkg/mod/github.com/urfave/negroni@v1.0.0/negroni.go:96 +0xeb
net/http.serverHandler.ServeHTTP(0xc0000e6000, 0x9863a0, 0xc00023e460, 0xc00029e700)
	/usr/local/go/src/net/http/server.go:2802 +0xa4
net/http.(*conn).serve(0xc000116000, 0x986f20, 0xc000062900)
	/usr/local/go/src/net/http/server.go:1890 +0x875
created by net/http.(*Server).Serve
	/usr/local/go/src/net/http/server.go:2927 +0x38e
[negroni] 2019-12-15T16:06:11Z | 200 | 	 183.587µs | 13.231.232.235:3000 | GET /
[negroni] 2019-12-15T16:06:11Z | 304 | 	 75.779µs | 13.231.232.235:3000 | GET /src/css/bootstrap.min.css
[negroni] 2019-12-15T16:06:11Z | 304 | 	 48.53µs | 13.231.232.235:3000 | GET /src/css/animate.css
[negroni] 2019-12-15T16:06:11Z | 304 | 	 35.701µs | 13.231.232.235:3000 | GET /src/css/themify-icons.css
[negroni] 2019-12-15T16:06:11Z | 304 | 	 59.94µs | 13.231.232.235:3000 | GET /src/css/owl.carousel.min.css
[negroni] 2019-12-15T16:06:11Z | 304 | 	 30.301µs | 13.231.232.235:3000 | GET /src/css/liner_icon.css
[negroni] 2019-12-15T16:06:11Z | 304 | 	 32.243µs | 13.231.232.235:3000 | GET /src/css/search.css
[negroni] 2019-12-15T16:06:11Z | 304 | 	 39.09µs | 13.231.232.235:3000 | GET /src/css/style.css
[negroni] 2019-12-15T16:06:12Z | 200 | 	 221.43µs | 13.231.232.235:3000 | GET /add
[negroni] 2019-12-15T16:06:12Z | 304 | 	 69.971µs | 13.231.232.235:3000 | GET /src/images/image001.png
2019/12/15 16:06:12 Here
2019/12/15 16:06:13 Here
2019/12/15 16:06:14 []
[negroni] PANIC: runtime error: invalid memory address or nil pointer dereference
goroutine 14 [running]:
github.com/urfave/negroni.(*Recovery).ServeHTTP.func1(0x7f4525cc5ff8, 0xc000151718, 0xc0000b0370, 0xc0002e6200)
	/home/ubuntu/Projects/Proj1/pkg/mod/github.com/urfave/negroni@v1.0.0/recovery.go:159 +0xcb
panic(0x85e160, 0xc5a950)
	/usr/local/go/src/runtime/panic.go:679 +0x1b2
html/template.(*Template).escape(0x0, 0x0, 0x0)
	/usr/local/go/src/html/template/template.go:95 +0x42
html/template.(*Template).Execute(0x0, 0x7f4525cc6028, 0xc000151718, 0x874ea0, 0xc0002ee810, 0x97f180, 0xc0002ee7e0)
	/usr/local/go/src/html/template/template.go:119 +0x2f
github.com/blacktrident/go-mvc/controller.ShowAllController(0x7f4525cc5ff8, 0xc000151718, 0xc0002e6200)
	/home/ubuntu/go-mvc/controller/controllers.go:95 +0x245
net/http.HandlerFunc.ServeHTTP(0x8ffe68, 0x7f4525cc5ff8, 0xc000151718, 0xc0002e6200)
	/usr/local/go/src/net/http/server.go:2007 +0x44
github.com/gorilla/pat.(*Router).ServeHTTP(0xc0000e0000, 0x7f4525cc5ff8, 0xc000151718, 0xc0002e6200)
	/home/ubuntu/Projects/Proj1/pkg/mod/github.com/gorilla/pat@v1.0.1/pat.go:92 +0x27d
github.com/urfave/negroni.Wrap.func1(0x7f4525cc5ff8, 0xc000151718, 0xc0002e6200, 0xc0002dc1e0)
	/home/ubuntu/Projects/Proj1/pkg/mod/github.com/urfave/negroni@v1.0.0/negroni.go:46 +0x4d
github.com/urfave/negroni.HandlerFunc.ServeHTTP(0xc00000e740, 0x7f4525cc5ff8, 0xc000151718, 0xc0002e6200, 0xc0002dc1e0)
	/home/ubuntu/Projects/Proj1/pkg/mod/github.com/urfave/negroni@v1.0.0/negroni.go:29 +0x4e
github.com/urfave/negroni.middleware.ServeHTTP(0x97f7e0, 0xc00000e740, 0xc00000e7c0, 0x7f4525cc5ff8, 0xc000151718, 0xc0002e6200)
	/home/ubuntu/Projects/Proj1/pkg/mod/github.com/urfave/negroni@v1.0.0/negroni.go:38 +0x9c
github.com/urfave/negroni.(*Static).ServeHTTP(0xc0000e4180, 0x7f4525cc5ff8, 0xc000151718, 0xc0002e6200, 0xc0002dc1c0)
	/home/ubuntu/Projects/Proj1/pkg/mod/github.com/urfave/negroni@v1.0.0/static.go:53 +0x6a5
github.com/urfave/negroni.middleware.ServeHTTP(0x97ea20, 0xc0000e4180, 0xc00000e7a0, 0x7f4525cc5ff8, 0xc000151718, 0xc0002e6200)
	/home/ubuntu/Projects/Proj1/pkg/mod/github.com/urfave/negroni@v1.0.0/negroni.go:38 +0x9c
github.com/urfave/negroni.(*Logger).ServeHTTP(0xc000081bf0, 0x7f4525cc5ff8, 0xc000151718, 0xc0002e6200, 0xc0002dc1a0)
	/home/ubuntu/Projects/Proj1/pkg/mod/github.com/urfave/negroni@v1.0.0/logger.go:62 +0x8e
github.com/urfave/negroni.middleware.ServeHTTP(0x97e9c0, 0xc000081bf0, 0xc00000e780, 0x7f4525cc5ff8, 0xc000151718, 0xc0002e6200)
	/home/ubuntu/Projects/Proj1/pkg/mod/github.com/urfave/negroni@v1.0.0/negroni.go:38 +0x9c
github.com/urfave/negroni.(*Recovery).ServeHTTP(0xc0000b0370, 0x7f4525cc5ff8, 0xc000151718, 0xc0002e6200, 0xc0002dc180)
	/home/ubuntu/Projects/Proj1/pkg/mod/github.com/urfave/negroni@v1.0.0/recovery.go:193 +0xae
github.com/urfave/negroni.middleware.ServeHTTP(0x97ea00, 0xc0000b0370, 0xc00000e760, 0x7f4525cc5ff8, 0xc000151718, 0xc0002e6200)
	/home/ubuntu/Projects/Proj1/pkg/mod/github.com/urfave/negroni@v1.0.0/negroni.go:38 +0x9c
github.com/urfave/negroni.(*Negroni).ServeHTTP(0xc0000e41e0, 0x9863a0, 0xc00023fdc0, 0xc0002e6200)
	/home/ubuntu/Projects/Proj1/pkg/mod/github.com/urfave/negroni@v1.0.0/negroni.go:96 +0xeb
net/http.serverHandler.ServeHTTP(0xc0000e6000, 0x9863a0, 0xc00023fdc0, 0xc0002e6200)
	/usr/local/go/src/net/http/server.go:2802 +0xa4
net/http.(*conn).serve(0xc000116280, 0x986f20, 0xc000063940)
	/usr/local/go/src/net/http/server.go:1890 +0x875
created by net/http.(*Server).Serve
	/usr/local/go/src/net/http/server.go:2927 +0x38e
2019/12/15 16:06:14 []
[negroni] PANIC: runtime error: invalid memory address or nil pointer dereference
goroutine 20 [running]:
github.com/urfave/negroni.(*Recovery).ServeHTTP.func1(0x7f4525cc5ff8, 0xc0001517b0, 0xc0000b0370, 0xc00029f600)
	/home/ubuntu/Projects/Proj1/pkg/mod/github.com/urfave/negroni@v1.0.0/recovery.go:159 +0xcb
panic(0x85e160, 0xc5a950)
	/usr/local/go/src/runtime/panic.go:679 +0x1b2
html/template.(*Template).escape(0x0, 0x0, 0x0)
	/usr/local/go/src/html/template/template.go:95 +0x42
html/template.(*Template).Execute(0x0, 0x7f4525cc6028, 0xc0001517b0, 0x874ea0, 0xc0002eea20, 0x97f180, 0xc0002ee9f0)
	/usr/local/go/src/html/template/template.go:119 +0x2f
github.com/blacktrident/go-mvc/controller.ShowAllController(0x7f4525cc5ff8, 0xc0001517b0, 0xc00029f600)
	/home/ubuntu/go-mvc/controller/controllers.go:95 +0x245
net/http.HandlerFunc.ServeHTTP(0x8ffe68, 0x7f4525cc5ff8, 0xc0001517b0, 0xc00029f600)
	/usr/local/go/src/net/http/server.go:2007 +0x44
github.com/gorilla/pat.(*Router).ServeHTTP(0xc0000e0000, 0x7f4525cc5ff8, 0xc0001517b0, 0xc00029f600)
	/home/ubuntu/Projects/Proj1/pkg/mod/github.com/gorilla/pat@v1.0.1/pat.go:92 +0x27d
github.com/urfave/negroni.Wrap.func1(0x7f4525cc5ff8, 0xc0001517b0, 0xc00029f600, 0xc0002dca40)
	/home/ubuntu/Projects/Proj1/pkg/mod/github.com/urfave/negroni@v1.0.0/negroni.go:46 +0x4d
github.com/urfave/negroni.HandlerFunc.ServeHTTP(0xc00000e740, 0x7f4525cc5ff8, 0xc0001517b0, 0xc00029f600, 0xc0002dca40)
	/home/ubuntu/Projects/Proj1/pkg/mod/github.com/urfave/negroni@v1.0.0/negroni.go:29 +0x4e
github.com/urfave/negroni.middleware.ServeHTTP(0x97f7e0, 0xc00000e740, 0xc00000e7c0, 0x7f4525cc5ff8, 0xc0001517b0, 0xc00029f600)
	/home/ubuntu/Projects/Proj1/pkg/mod/github.com/urfave/negroni@v1.0.0/negroni.go:38 +0x9c
github.com/urfave/negroni.(*Static).ServeHTTP(0xc0000e4180, 0x7f4525cc5ff8, 0xc0001517b0, 0xc00029f600, 0xc0002dca20)
	/home/ubuntu/Projects/Proj1/pkg/mod/github.com/urfave/negroni@v1.0.0/static.go:53 +0x6a5
github.com/urfave/negroni.middleware.ServeHTTP(0x97ea20, 0xc0000e4180, 0xc00000e7a0, 0x7f4525cc5ff8, 0xc0001517b0, 0xc00029f600)
	/home/ubuntu/Projects/Proj1/pkg/mod/github.com/urfave/negroni@v1.0.0/negroni.go:38 +0x9c
github.com/urfave/negroni.(*Logger).ServeHTTP(0xc000081bf0, 0x7f4525cc5ff8, 0xc0001517b0, 0xc00029f600, 0xc0002dca00)
	/home/ubuntu/Projects/Proj1/pkg/mod/github.com/urfave/negroni@v1.0.0/logger.go:62 +0x8e
github.com/urfave/negroni.middleware.ServeHTTP(0x97e9c0, 0xc000081bf0, 0xc00000e780, 0x7f4525cc5ff8, 0xc0001517b0, 0xc00029f600)
	/home/ubuntu/Projects/Proj1/pkg/mod/github.com/urfave/negroni@v1.0.0/negroni.go:38 +0x9c
github.com/urfave/negroni.(*Recovery).ServeHTTP(0xc0000b0370, 0x7f4525cc5ff8, 0xc0001517b0, 0xc00029f600, 0xc0002dc9e0)
	/home/ubuntu/Projects/Proj1/pkg/mod/github.com/urfave/negroni@v1.0.0/recovery.go:193 +0xae
github.com/urfave/negroni.middleware.ServeHTTP(0x97ea00, 0xc0000b0370, 0xc00000e760, 0x7f4525cc5ff8, 0xc0001517b0, 0xc00029f600)
	/home/ubuntu/Projects/Proj1/pkg/mod/github.com/urfave/negroni@v1.0.0/negroni.go:38 +0x9c
github.com/urfave/negroni.(*Negroni).ServeHTTP(0xc0000e41e0, 0x9863a0, 0xc0002ea8c0, 0xc00029f600)
	/home/ubuntu/Projects/Proj1/pkg/mod/github.com/urfave/negroni@v1.0.0/negroni.go:96 +0xeb
net/http.serverHandler.ServeHTTP(0xc0000e6000, 0x9863a0, 0xc0002ea8c0, 0xc00029f600)
	/usr/local/go/src/net/http/server.go:2802 +0xa4
net/http.(*conn).serve(0xc000116460, 0x986f20, 0xc000063bc0)
	/usr/local/go/src/net/http/server.go:1890 +0x875
created by net/http.(*Server).Serve
	/usr/local/go/src/net/http/server.go:2927 +0x38e
[negroni] 2019-12-15T16:06:15Z | 200 | 	 195.732µs | 13.231.232.235:3000 | GET /favicon.ico
[negroni] 2019-12-15T16:06:49Z | 200 | 	 199.709µs | 13.231.232.235:3000 | GET /add
[negroni] PANIC: runtime error: invalid memory address or nil pointer dereference
goroutine 20 [running]:
github.com/urfave/negroni.(*Recovery).ServeHTTP.func1(0x7f4525cc5ff8, 0xc000151ac8, 0xc0000b0370, 0xc0002e6d00)
	/home/ubuntu/Projects/Proj1/pkg/mod/github.com/urfave/negroni@v1.0.0/recovery.go:159 +0xcb
panic(0x85e160, 0xc5a950)
	/usr/local/go/src/runtime/panic.go:679 +0x1b2
html/template.(*Template).escape(0x0, 0x0, 0x0)
	/usr/local/go/src/html/template/template.go:95 +0x42
html/template.(*Template).Execute(0x0, 0x7f4525cc6028, 0xc000151ac8, 0x8665c0, 0xc0003304f0, 0x97f180, 0xc000327920)
	/usr/local/go/src/html/template/template.go:119 +0x2f
github.com/blacktrident/go-mvc/controller.ShowController(0x7f4525cc5ff8, 0xc000151ac8, 0xc0002e6d00)
	/home/ubuntu/go-mvc/controller/controllers.go:79 +0x125
net/http.HandlerFunc.ServeHTTP(0x8ffe70, 0x7f4525cc5ff8, 0xc000151ac8, 0xc0002e6d00)
	/usr/local/go/src/net/http/server.go:2007 +0x44
github.com/gorilla/pat.(*Router).ServeHTTP(0xc0000e0000, 0x7f4525cc5ff8, 0xc000151ac8, 0xc0002e6d00)
	/home/ubuntu/Projects/Proj1/pkg/mod/github.com/gorilla/pat@v1.0.1/pat.go:92 +0x27d
github.com/urfave/negroni.Wrap.func1(0x7f4525cc5ff8, 0xc000151ac8, 0xc0002e6d00, 0xc0003230a0)
	/home/ubuntu/Projects/Proj1/pkg/mod/github.com/urfave/negroni@v1.0.0/negroni.go:46 +0x4d
github.com/urfave/negroni.HandlerFunc.ServeHTTP(0xc00000e740, 0x7f4525cc5ff8, 0xc000151ac8, 0xc0002e6d00, 0xc0003230a0)
	/home/ubuntu/Projects/Proj1/pkg/mod/github.com/urfave/negroni@v1.0.0/negroni.go:29 +0x4e
github.com/urfave/negroni.middleware.ServeHTTP(0x97f7e0, 0xc00000e740, 0xc00000e7c0, 0x7f4525cc5ff8, 0xc000151ac8, 0xc0002e6d00)
	/home/ubuntu/Projects/Proj1/pkg/mod/github.com/urfave/negroni@v1.0.0/negroni.go:38 +0x9c
github.com/urfave/negroni.(*Static).ServeHTTP(0xc0000e4180, 0x7f4525cc5ff8, 0xc000151ac8, 0xc0002e6d00, 0xc000323080)
	/home/ubuntu/Projects/Proj1/pkg/mod/github.com/urfave/negroni@v1.0.0/static.go:53 +0x6a5
github.com/urfave/negroni.middleware.ServeHTTP(0x97ea20, 0xc0000e4180, 0xc00000e7a0, 0x7f4525cc5ff8, 0xc000151ac8, 0xc0002e6d00)
	/home/ubuntu/Projects/Proj1/pkg/mod/github.com/urfave/negroni@v1.0.0/negroni.go:38 +0x9c
github.com/urfave/negroni.(*Logger).ServeHTTP(0xc000081bf0, 0x7f4525cc5ff8, 0xc000151ac8, 0xc0002e6d00, 0xc000323060)
	/home/ubuntu/Projects/Proj1/pkg/mod/github.com/urfave/negroni@v1.0.0/logger.go:62 +0x8e
github.com/urfave/negroni.middleware.ServeHTTP(0x97e9c0, 0xc000081bf0, 0xc00000e780, 0x7f4525cc5ff8, 0xc000151ac8, 0xc0002e6d00)
	/home/ubuntu/Projects/Proj1/pkg/mod/github.com/urfave/negroni@v1.0.0/negroni.go:38 +0x9c
github.com/urfave/negroni.(*Recovery).ServeHTTP(0xc0000b0370, 0x7f4525cc5ff8, 0xc000151ac8, 0xc0002e6d00, 0xc000323040)
	/home/ubuntu/Projects/Proj1/pkg/mod/github.com/urfave/negroni@v1.0.0/recovery.go:193 +0xae
github.com/urfave/negroni.middleware.ServeHTTP(0x97ea00, 0xc0000b0370, 0xc00000e760, 0x7f4525cc5ff8, 0xc000151ac8, 0xc0002e6d00)
	/home/ubuntu/Projects/Proj1/pkg/mod/github.com/urfave/negroni@v1.0.0/negroni.go:38 +0x9c
github.com/urfave/negroni.(*Negroni).ServeHTTP(0xc0000e41e0, 0x9863a0, 0xc000318fc0, 0xc0002e6d00)
	/home/ubuntu/Projects/Proj1/pkg/mod/github.com/urfave/negroni@v1.0.0/negroni.go:96 +0xeb
net/http.serverHandler.ServeHTTP(0xc0000e6000, 0x9863a0, 0xc000318fc0, 0xc0002e6d00)
	/usr/local/go/src/net/http/server.go:2802 +0xa4
net/http.(*conn).serve(0xc000116460, 0x986f20, 0xc000063bc0)
	/usr/local/go/src/net/http/server.go:1890 +0x875
created by net/http.(*Server).Serve
	/usr/local/go/src/net/http/server.go:2927 +0x38e
[negroni] 2019-12-15T16:06:50Z | 200 | 	 232.903µs | 13.231.232.235:3000 | GET /favicon.ico
[negroni] 2019-12-15T16:07:06Z | 200 | 	 201.98µs | 13.231.232.235:3000 | GET /add
[negroni] 2019-12-15T16:07:06Z | 200 | 	 214.083µs | 13.231.232.235:3000 | GET /add
signal: killed
2019/12/15 17:24:58 Listening:
[negroni] listening on :3000
2019/12/15 17:25:09 Inside Show One
2019/12/15 17:25:09 [God Of War]
[negroni] 2019-12-15T17:25:09Z | 200 | 	 1.320903355s | 13.231.232.235:3000 | POST /show
[negroni] 2019-12-15T17:25:10Z | 304 | 	 112.355µs | 13.231.232.235:3000 | GET /src/css/bootstrap.min.css
[negroni] 2019-12-15T17:25:10Z | 304 | 	 63.542µs | 13.231.232.235:3000 | GET /src/css/animate.css
[negroni] 2019-12-15T17:25:10Z | 304 | 	 49.918µs | 13.231.232.235:3000 | GET /src/css/owl.carousel.min.css
[negroni] 2019-12-15T17:25:10Z | 304 | 	 46.789µs | 13.231.232.235:3000 | GET /src/css/themify-icons.css
[negroni] 2019-12-15T17:25:10Z | 304 | 	 35.151µs | 13.231.232.235:3000 | GET /src/css/liner_icon.css
[negroni] 2019-12-15T17:25:10Z | 304 | 	 40.903µs | 13.231.232.235:3000 | GET /src/css/search.css
[negroni] 2019-12-15T17:25:10Z | 304 | 	 62.022µs | 13.231.232.235:3000 | GET /src/css/style.css
[negroni] 2019-12-15T17:25:10Z | 304 | 	 56.798µs | 13.231.232.235:3000 | GET /src/images/image001.png
[negroni] 2019-12-15T17:25:10Z | 304 | 	 37.719µs | 13.231.232.235:3000 | GET /src/images/DCKuPkdXYAA0jiO.jpg
[negroni] 2019-12-15T17:25:10Z | 200 | 	 217.682µs | 13.231.232.235:3000 | GET /favicon.ico
2019/12/15 17:25:13 Inside Show One
2019/12/15 17:25:13 HereGet
[negroni] 2019-12-15T17:25:13Z | 200 | 	 477.638µs | 13.231.232.235:3000 | GET /show
[negroni] 2019-12-15T17:25:13Z | 200 | 	 208.268µs | 13.231.232.235:3000 | GET /favicon.ico
[negroni] 2019-12-15T17:25:15Z | 200 | 	 219.158µs | 13.231.232.235:3000 | GET /
[negroni] 2019-12-15T17:25:16Z | 200 | 	 236.316µs | 13.231.232.235:3000 | GET /add
2019/12/15 17:25:17 Here Show All
2019/12/15 17:25:19 [{ObjectIdHex("5df66a90fe049b1121827b19") GOD OF WAR PS4 FIGHTING 01-JUL-2018 4 Sony Interactive Entertainment ./src/images/DCKuPkdXYAA0jiO.jpg}]
[negroni] 2019-12-15T17:25:17Z | 200 | 	 1.243021439s | 13.231.232.235:3000 | GET /showAll
2019/12/15 17:25:20 Inside Show One
2019/12/15 17:25:20 HereGet
[negroni] 2019-12-15T17:25:20Z | 200 | 	 375.54µs | 13.231.232.235:3000 | GET /show
[negroni] 2019-12-15T17:25:20Z | 200 | 	 205.647µs | 13.231.232.235:3000 | GET /favicon.ico
2019/12/15 17:25:22 Inside Show One
2019/12/15 17:25:22 HereGet
[negroni] 2019-12-15T17:25:22Z | 200 | 	 364.502µs | 13.231.232.235:3000 | GET /show
[negroni] 2019-12-15T17:25:22Z | 200 | 	 209.389µs | 13.231.232.235:3000 | GET /favicon.ico
2019/12/15 17:25:23 Inside Show One
2019/12/15 17:25:23 HereGet
[negroni] 2019-12-15T17:25:23Z | 200 | 	 354.463µs | 13.231.232.235:3000 | GET /show
[negroni] 2019-12-15T17:25:23Z | 200 | 	 186.173µs | 13.231.232.235:3000 | GET /favicon.ico
2019/12/15 17:25:23 Inside Show One
2019/12/15 17:25:23 HereGet
[negroni] 2019-12-15T17:25:23Z | 200 | 	 391.547µs | 13.231.232.235:3000 | GET /show
[negroni] 2019-12-15T17:25:23Z | 200 | 	 183.672µs | 13.231.232.235:3000 | GET /favicon.ico
2019/12/15 17:25:23 Inside Show One
2019/12/15 17:25:23 HereGet
[negroni] 2019-12-15T17:25:23Z | 200 | 	 380.153µs | 13.231.232.235:3000 | GET /show
[negroni] 2019-12-15T17:25:24Z | 200 | 	 210.218µs | 13.231.232.235:3000 | GET /favicon.ico
[negroni] 2019-12-15T17:25:25Z | 200 | 	 246.064µs | 13.231.232.235:3000 | GET /add
2019/12/15 17:25:26 Here Show All
2019/12/15 17:25:27 [{ObjectIdHex("5df66a90fe049b1121827b19") GOD OF WAR PS4 FIGHTING 01-JUL-2018 4 Sony Interactive Entertainment ./src/images/DCKuPkdXYAA0jiO.jpg}]
[negroni] 2019-12-15T17:25:26Z | 200 | 	 1.207907581s | 13.231.232.235:3000 | GET /showAll
2019/12/15 17:25:28 Inside Show One
2019/12/15 17:25:28 HereGet
[negroni] 2019-12-15T17:25:28Z | 200 | 	 389.518µs | 13.231.232.235:3000 | GET /show
[negroni] 2019-12-15T17:25:28Z | 200 | 	 193.062µs | 13.231.232.235:3000 | GET /favicon.ico
2019/12/15 17:25:32 Inside Show One
2019/12/15 17:25:32 [God Of War]
[negroni] 2019-12-15T17:25:32Z | 200 | 	 1.316343057s | 13.231.232.235:3000 | POST /show
[negroni] 2019-12-15T17:25:33Z | 200 | 	 216.485µs | 13.231.232.235:3000 | GET /favicon.ico
2019/12/15 17:25:36 Inside Show One
2019/12/15 17:25:36 HereGet
[negroni] 2019-12-15T17:25:36Z | 200 | 	 382.852µs | 13.231.232.235:3000 | GET /show
[negroni] 2019-12-15T17:25:36Z | 200 | 	 196.905µs | 13.231.232.235:3000 | GET /favicon.ico
2019/12/15 17:25:40 Inside Show One
2019/12/15 17:25:40 HereGet
[negroni] 2019-12-15T17:25:40Z | 200 | 	 356.6µs | 13.231.232.235:3000 | GET /show
[negroni] 2019-12-15T17:25:41Z | 200 | 	 197.305µs | 13.231.232.235:3000 | GET /favicon.ico
2019/12/15 17:25:41 Inside Show One
2019/12/15 17:25:41 HereGet
[negroni] 2019-12-15T17:25:41Z | 200 | 	 349.839µs | 13.231.232.235:3000 | GET /show
[negroni] 2019-12-15T17:25:41Z | 200 | 	 206.344µs | 13.231.232.235:3000 | GET /favicon.ico
2019/12/15 17:25:41 Inside Show One
2019/12/15 17:25:41 HereGet
[negroni] 2019-12-15T17:25:41Z | 200 | 	 363.106µs | 13.231.232.235:3000 | GET /show
[negroni] 2019-12-15T17:25:42Z | 200 | 	 223.792µs | 13.231.232.235:3000 | GET /favicon.ico
2019/12/15 17:25:42 Inside Show One
2019/12/15 17:25:42 HereGet
[negroni] 2019-12-15T17:25:42Z | 200 | 	 363.136µs | 13.231.232.235:3000 | GET /show
[negroni] 2019-12-15T17:25:42Z | 200 | 	 201.743µs | 13.231.232.235:3000 | GET /favicon.ico
2019/12/15 17:25:42 Inside Show One
2019/12/15 17:25:42 HereGet
[negroni] 2019-12-15T17:25:42Z | 200 | 	 371.492µs | 13.231.232.235:3000 | GET /show
[negroni] 2019-12-15T17:25:42Z | 200 | 	 192.63µs | 13.231.232.235:3000 | GET /favicon.ico
2019/12/15 17:25:42 Inside Show One
2019/12/15 17:25:42 HereGet
[negroni] 2019-12-15T17:25:42Z | 200 | 	 372.919µs | 13.231.232.235:3000 | GET /show
[negroni] 2019-12-15T17:25:43Z | 200 | 	 186.915µs | 13.231.232.235:3000 | GET /favicon.ico
2019/12/15 17:25:43 Inside Show One
2019/12/15 17:25:43 HereGet
[negroni] 2019-12-15T17:25:43Z | 200 | 	 350.924µs | 13.231.232.235:3000 | GET /show
[negroni] 2019-12-15T17:25:43Z | 200 | 	 216.002µs | 13.231.232.235:3000 | GET /favicon.ico
2019/12/15 17:25:44 Inside Show One
2019/12/15 17:25:44 HereGet
[negroni] 2019-12-15T17:25:44Z | 200 | 	 362.321µs | 13.231.232.235:3000 | GET /show
[negroni] 2019-12-15T17:25:44Z | 200 | 	 49.366µs | 13.231.232.235:3000 | GET /src/css/owl.carousel.min.css
[negroni] 2019-12-15T17:25:44Z | 200 | 	 84.341µs | 13.231.232.235:3000 | GET /src/css/themify-icons.css
[negroni] 2019-12-15T17:25:44Z | 200 | 	 102.575µs | 13.231.232.235:3000 | GET /src/css/liner_icon.css
[negroni] 2019-12-15T17:25:44Z | 200 | 	 43.448µs | 13.231.232.235:3000 | GET /src/css/search.css
[negroni] 2019-12-15T17:25:44Z | 200 | 	 161.622µs | 13.231.232.235:3000 | GET /src/images/image001.png
[negroni] 2019-12-15T17:25:44Z | 200 | 	 427.54359ms | 13.231.232.235:3000 | GET /src/css/animate.css
[negroni] 2019-12-15T17:25:44Z | 200 | 	 804.872441ms | 13.231.232.235:3000 | GET /src/css/style.css
[negroni] 2019-12-15T17:25:44Z | 200 | 	 2.390637734s | 13.231.232.235:3000 | GET /src/css/bootstrap.min.css
[negroni] 2019-12-15T17:25:47Z | 200 | 	 219.907µs | 13.231.232.235:3000 | GET /favicon.ico
2019/12/15 17:25:52 Inside Show One
2019/12/15 17:25:52 HereGet
[negroni] 2019-12-15T17:25:52Z | 200 | 	 402.11µs | 13.231.232.235:3000 | GET /show
[negroni] 2019-12-15T17:25:52Z | 200 | 	 62.884µs | 13.231.232.235:3000 | GET /src/css/owl.carousel.min.css
[negroni] 2019-12-15T17:25:52Z | 200 | 	 126.469µs | 13.231.232.235:3000 | GET /src/css/themify-icons.css
[negroni] 2019-12-15T17:25:52Z | 200 | 	 82.803µs | 13.231.232.235:3000 | GET /src/css/liner_icon.css
[negroni] 2019-12-15T17:25:52Z | 200 | 	 112.213µs | 13.231.232.235:3000 | GET /src/css/search.css
[negroni] 2019-12-15T17:25:53Z | 200 | 	 214.84µs | 13.231.232.235:3000 | GET /src/images/image001.png
[negroni] 2019-12-15T17:25:52Z | 200 | 	 555.18981ms | 13.231.232.235:3000 | GET /src/css/bootstrap.min.css
[negroni] 2019-12-15T17:25:52Z | 200 | 	 1.076704812s | 13.231.232.235:3000 | GET /src/css/animate.css
[negroni] 2019-12-15T17:25:52Z | 200 | 	 2.003239656s | 13.231.232.235:3000 | GET /src/css/style.css
[negroni] 2019-12-15T17:25:55Z | 200 | 	 247.16µs | 13.231.232.235:3000 | GET /favicon.ico
2019/12/15 17:27:04 Inside Show One
2019/12/15 17:27:04 HereGet
[negroni] 2019-12-15T17:27:04Z | 200 | 	 338.474µs | 13.231.232.235:3000 | GET /show
[negroni] 2019-12-15T17:27:04Z | 200 | 	 181.352µs | 13.231.232.235:3000 | GET /favicon.ico
2019/12/15 17:27:08 Inside Show One
2019/12/15 17:27:08 [efwf]
[negroni] 2019-12-15T17:27:08Z | 200 | 	 1.19460853s | 13.231.232.235:3000 | POST /show
[negroni] 2019-12-15T17:27:10Z | 200 | 	 204.509µs | 13.231.232.235:3000 | GET /favicon.ico
2019/12/15 17:27:12 Inside Show One
2019/12/15 17:27:12 [God Of War]
[negroni] 2019-12-15T17:27:12Z | 200 | 	 1.310697379s | 13.231.232.235:3000 | POST /show
[negroni] 2019-12-15T17:27:13Z | 200 | 	 1.185517188s | 13.231.232.235:3000 | GET /src/images/DCKuPkdXYAA0jiO.jpg
[negroni] 2019-12-15T17:27:15Z | 200 | 	 199.819µs | 13.231.232.235:3000 | GET /favicon.ico
